<?xml version="1.0" encoding="UTF-8"?>
<testng-results skipped="0" failed="0" ignored="0" total="2" passed="2">
  <reporter-output>
    <line>
      <![CDATA[hi]]>
    </line>
    <line>
      <![CDATA[hello]]>
    </line>
    <line>
      <![CDATA[welcome]]>
    </line>
    <line>
      <![CDATA[home]]>
    </line>
  </reporter-output>
  <suite name="Suite" duration-ms="89" started-at="2021-04-05T00:38:24 IST" finished-at="2021-04-05T00:38:24 IST">
    <groups>
    </groups>
    <test name="Test" duration-ms="89" started-at="2021-04-05T00:38:24 IST" finished-at="2021-04-05T00:38:24 IST">
      <class name="com.jenkins.config.Test2">
        <test-method status="PASS" signature="secondtest()[pri:0, instance:com.jenkins.config.Test2@3cef309d]" name="secondtest" duration-ms="1" started-at="2021-04-05T00:38:24 IST" finished-at="2021-04-05T00:38:24 IST">
          <reporter-output>
            <line>
              <![CDATA[welcome]]>
            </line>
            <line>
              <![CDATA[home]]>
            </line>
          </reporter-output>
        </test-method> <!-- secondtest -->
      </class> <!-- com.jenkins.config.Test2 -->
      <class name="com.jenkins.config.Test1">
        <test-method status="PASS" signature="firsttest()[pri:0, instance:com.jenkins.config.Test1@50b494a6]" name="firsttest" duration-ms="10" started-at="2021-04-05T00:38:24 IST" finished-at="2021-04-05T00:38:24 IST">
          <reporter-output>
            <line>
              <![CDATA[hi]]>
            </line>
            <line>
              <![CDATA[hello]]>
            </line>
          </reporter-output>
        </test-method> <!-- firsttest -->
      </class> <!-- com.jenkins.config.Test1 -->
    </test> <!-- Test -->
  </suite> <!-- Suite -->
</testng-results>
